TN:
SF:index.js
FN:24,login
FNF:1
FNH:1
FNDA:3,login
DA:25,3
DA:26,3
DA:28,3
DA:29,3
DA:31,3
DA:32,1
DA:33,1
DA:34,1
DA:37,2
DA:38,1
DA:39,1
DA:40,1
DA:44,1
DA:45,1
DA:49,1
LF:15
LH:15
BRDA:31,0,0,1
BRDA:31,0,1,2
BRDA:37,1,0,1
BRDA:37,1,1,1
BRF:4
BRH:4
end_of_record
TN:
SF:client\fuelQuote.js
FN:1,calculateTotal
FNF:1
FNH:1
FNDA:4,calculateTotal
DA:2,4
DA:5,4
DA:6,4
DA:9,4
DA:10,4
DA:11,4
DA:16,4
DA:17,1
DA:18,1
DA:19,1
DA:21,3
DA:24,3
DA:25,1
DA:26,1
DA:27,1
DA:29,2
DA:32,2
DA:33,1
DA:34,1
DA:35,1
DA:37,1
DA:56,1
DA:57,1
DA:60,1
LF:24
LH:24
BRDA:16,0,0,1
BRDA:16,0,1,3
BRDA:24,1,0,1
BRDA:24,1,1,2
BRDA:32,2,0,1
BRDA:32,2,1,1
BRF:6
BRH:6
end_of_record
TN:
SF:client\profile.js
FN:1,verifyProfile
FN:57,isValidZipcode
FNF:2
FNH:2
FNDA:7,verifyProfile
FNDA:8,isValidZipcode
DA:4,7
DA:5,7
DA:6,7
DA:7,7
DA:8,7
DA:10,7
DA:12,7
DA:13,6
DA:14,6
DA:16,1
DA:19,7
DA:20,6
DA:21,6
DA:23,1
DA:26,7
DA:27,6
DA:28,6
DA:30,1
DA:33,7
DA:34,6
DA:35,6
DA:37,1
DA:40,7
DA:41,6
DA:42,6
DA:44,1
DA:47,7
DA:48,1
DA:49,1
DA:51,6
DA:54,6
DA:59,8
DA:60,8
DA:63,1
LF:34
LH:34
BRDA:12,0,0,6
BRDA:12,0,1,1
BRDA:19,1,0,6
BRDA:19,1,1,1
BRDA:26,2,0,6
BRDA:26,2,1,1
BRDA:33,3,0,6
BRDA:33,3,1,1
BRDA:40,4,0,6
BRDA:40,4,1,1
BRDA:40,5,0,7
BRDA:40,5,1,1
BRDA:47,6,0,1
BRDA:47,6,1,6
BRF:14
BRH:14
end_of_record
TN:
SF:client\register.js
FN:1,register
FNF:1
FNH:1
FNDA:3,register
DA:2,3
DA:3,3
DA:5,3
DA:6,3
DA:8,3
DA:9,1
DA:10,1
DA:11,1
DA:14,2
DA:17,2
DA:18,1
DA:19,1
DA:20,1
DA:23,1
DA:26,1
DA:29,1
LF:16
LH:16
BRDA:8,0,0,1
BRDA:8,0,1,2
BRDA:17,1,0,1
BRDA:17,1,1,1
BRF:4
BRH:4
end_of_record
