TN:
SF:client\fuelQuote.js
FN:1,calculateTotal
FNF:1
FNH:1
FNDA:6,calculateTotal
DA:2,6
DA:3,6
DA:4,6
DA:5,6
DA:6,6
DA:9,6
DA:10,6
DA:11,6
DA:12,6
DA:13,6
DA:16,6
DA:17,1
DA:18,1
DA:19,1
DA:21,5
DA:24,5
DA:25,1
DA:26,1
DA:27,1
DA:29,4
DA:32,4
DA:33,1
DA:34,1
DA:35,1
DA:37,3
DA:40,3
DA:41,1
DA:42,1
DA:43,1
DA:45,2
DA:48,2
DA:49,1
DA:50,1
DA:51,1
DA:53,1
DA:56,1
DA:57,1
DA:60,1
LF:38
LH:38
BRDA:16,0,0,1
BRDA:16,0,1,5
BRDA:24,1,0,1
BRDA:24,1,1,4
BRDA:32,2,0,1
BRDA:32,2,1,3
BRDA:40,3,0,1
BRDA:40,3,1,2
BRDA:48,4,0,1
BRDA:48,4,1,1
BRF:10
BRH:10
end_of_record
TN:
SF:client\profile.js
FN:1,verifyProfile
FN:57,isValidZipcode
FNF:2
FNH:2
FNDA:7,verifyProfile
FNDA:8,isValidZipcode
DA:4,7
DA:5,7
DA:6,7
DA:7,7
DA:8,7
DA:10,7
DA:12,7
DA:13,6
DA:14,6
DA:16,1
DA:19,7
DA:20,6
DA:21,6
DA:23,1
DA:26,7
DA:27,6
DA:28,6
DA:30,1
DA:33,7
DA:34,6
DA:35,6
DA:37,1
DA:40,7
DA:41,6
DA:42,6
DA:44,1
DA:47,7
DA:48,1
DA:49,1
DA:51,6
DA:54,6
DA:59,8
DA:60,8
DA:63,1
LF:34
LH:34
BRDA:12,0,0,6
BRDA:12,0,1,1
BRDA:19,1,0,6
BRDA:19,1,1,1
BRDA:26,2,0,6
BRDA:26,2,1,1
BRDA:33,3,0,6
BRDA:33,3,1,1
BRDA:40,4,0,6
BRDA:40,4,1,1
BRDA:40,5,0,7
BRDA:40,5,1,1
BRDA:47,6,0,1
BRDA:47,6,1,6
BRF:14
BRH:14
end_of_record
TN:
SF:client\register.js
FN:1,register
FNF:1
FNH:1
FNDA:3,register
DA:2,3
DA:3,3
DA:5,3
DA:6,3
DA:8,3
DA:9,1
DA:10,1
DA:11,1
DA:14,2
DA:17,2
DA:18,1
DA:19,1
DA:20,1
DA:23,1
DA:26,1
DA:29,1
LF:16
LH:16
BRDA:8,0,0,1
BRDA:8,0,1,2
BRDA:17,1,0,1
BRDA:17,1,1,1
BRF:4
BRH:4
end_of_record
